2022-10-14 18:06:13,313 DEBUG com.hecklog.HelloWorld [main] Hello from Logback...
2022-10-14 18:06:13,314 DEBUG com.hecklog.HelloWorld [main] getNumber() : 5
2022-10-14 18:23:28,625 DEBUG com.hecklog.HelloWorld [main] Hello from Logback...
2022-10-14 18:23:28,627 DEBUG com.hecklog.HelloWorld [main] getNumber() : 5
2022-10-14 18:23:45,723 DEBUG com.hecklog.HelloWorld [main] Hello from Logback...
2022-10-14 18:23:45,724 DEBUG com.hecklog.HelloWorld [main] getNumber() : 5
2022-10-14 18:24:57,318 DEBUG com.hecklog.HelloWorld [main] Hello from Logback...
2022-10-14 18:24:57,320 DEBUG com.hecklog.HelloWorld [main] getNumber() : 5
2022-10-14 18:33:14,781 DEBUG com.hecklog.HelloWorld [main] Hello from Logback...
2022-10-14 18:33:14,782 DEBUG com.hecklog.HelloWorld [main] getNumber() : 5
2022-10-14 18:33:50,268 DEBUG com.hecklog.HelloWorld [main] Hello from Logback...
2022-10-14 18:33:50,270 DEBUG com.hecklog.HelloWorld [main] getNumber() : 5
2022-10-14 18:33:52,197 DEBUG com.hecklog.HelloWorld [main] suashua: java.lang.NumberFormatException: For input string: "a"
2022-10-14 18:34:28,253 DEBUG com.hecklog.HelloWorld [main] Hello from Logback...
2022-10-14 18:34:28,255 DEBUG com.hecklog.HelloWorld [main] getNumber() : 5
2022-10-14 18:34:29,535 WARN com.hecklog.HelloWorld [main] Deu ruim: java.lang.NumberFormatException: For input string: "a"
2022-10-14 18:34:53,327 DEBUG com.hecklog.HelloWorld [main] Hello from Logback...
2022-10-14 18:34:53,329 DEBUG com.hecklog.HelloWorld [main] getNumber() : 5
2022-10-14 18:34:56,673 WARN com.hecklog.HelloWorld [main] Deu ruim: java.lang.NumberFormatException: For input string: "dsahudsahudah"
2022-10-14 18:34:56,674 ERROR com.hecklog.HelloWorld [main] Pegou fogo: java.lang.NumberFormatException: For input string: "dsahudsahudah"
